<?xml version="1.0" encoding="UTF-8" ?>
<testsuite tests="11" failures="0" name="TestSuite" time="30.34" errors="0" skipped="0">
  <properties>
    <property name="PROCESSOR_ARCHITECTURE" value="AMD64"/>
    <property name="file.encoding.pkg" value="sun.io"/>
    <property name="LOGONSERVER" value="\\URANUS"/>
    <property name="ProgramData" value="C:\ProgramData"/>
    <property name="java.home" value="C:\Program Files\Java\jdk1.8.0_281\jre"/>
    <property name="NODE_NAME" value="built-in"/>
    <property name="JENKINS_URL" value="http://localhost:8080/"/>
    <property name="ALLUSERSPROFILE" value="C:\ProgramData"/>
    <property name="java.endorsed.dirs" value="C:\Program Files\Java\jdk1.8.0_281\jre\lib\endorsed"/>
    <property name="PSModulePath" value="C:\Program Files\WindowsPowerShell\Modules;C:\WINDOWS\system32\WindowsPowerShell\v1.0\Modules"/>
    <property name="=::" value="::\"/>
    <property name="USERDOMAIN" value="STS"/>
    <property name="sun.os.patch.level" value=""/>
    <property name="java.vendor.url" value="http://java.oracle.com/"/>
    <property name="CommonProgramFiles(x86)" value="C:\Program Files (x86)\Common Files"/>
    <property name="java.version" value="1.8.0_281"/>
    <property name="JOB_NAME" value="E2EPageObjectModelAutomation Test"/>
    <property name="COMPUTERNAME" value="STSLP95"/>
    <property name="ANDROID_HOME" value="C:\Users\sudarshan.naidu\AppData\Local\Android\Sdk"/>
    <property name="ANDROID_PLATFORM_TOOLS" value="C:\Users\sudarshan.naidu\AppData\Local\Android\Sdk\tools"/>
    <property name="COMPOSE_CONVERT_WINDOWS_PATHS" value="true"/>
    <property name="java.vendor.url.bug" value="http://bugreport.sun.com/bugreport/"/>
    <property name="PUBLIC" value="C:\Users\Public"/>
    <property name="user.name" value="sudarshan.naidu"/>
    <property name="sun.io.unicode.encoding" value="UnicodeLittle"/>
    <property name="sun.jnu.encoding" value="Cp1252"/>
    <property name="java.runtime.name" value="Java(TM) SE Runtime Environment"/>
    <property name="windir" value="C:\WINDOWS"/>
    <property name="PROCESSOR_IDENTIFIER" value="Intel64 Family 6 Model 69 Stepping 1, GenuineIntel"/>
    <property name="=E:" value="E:\jenkinswar"/>
    <property name="RubyMine" value="C:\Program Files\JetBrains\RubyMine 2019.3.5\bin;"/>
    <property name="IntelliJ IDEA Community Edition" value="C:\Program Files\JetBrains\IntelliJ IDEA Community Edition 2021.1\bin;"/>
    <property name="java.specification.name" value="Java Platform API Specification"/>
    <property name="LOCALAPPDATA" value="C:\Users\sudarshan.naidu\AppData\Local"/>
    <property name="RUN_CHANGES_DISPLAY_URL" value="http://localhost:8080/job/E2EPageObjectModelAutomation%20Test/6/display/redirect?page=changes"/>
    <property name="user.timezone" value="Asia/Calcutta"/>
    <property name="user.script" value=""/>
    <property name="path.separator" value=";"/>
    <property name="NUMBER_OF_PROCESSORS" value="4"/>
    <property name="BUILD_TAG" value="jenkins-E2EPageObjectModelAutomation Test-6"/>
    <property name="PYTHONPATH" value="C:\Users\sudarshan.naidu\AppData\Local\Programs\Python\Python39"/>
    <property name="file.encoding" value="Cp1252"/>
    <property name="VS140COMNTOOLS" value="C:\Program Files (x86)\Microsoft Visual Studio 14.0\Common7\Tools\"/>
    <property name="SAL_ACCESSIBILITY_ENABLED" value="1"/>
    <property name="sun.java.command" value="jenkins.maven3.agent.Maven35Main D:\apache-maven-3.6.3 C:\Users\sudarshan.naidu\.jenkins\war\WEB-INF\lib\remoting-4.10.jar C:\Users\sudarshan.naidu\.jenkins\plugins\maven-plugin\WEB-INF\lib\maven35-interceptor-1.13.jar C:\Users\sudarshan.naidu\.jenkins\plugins\maven-plugin\WEB-INF\lib\maven3-interceptor-commons-1.13.jar 51290"/>
    <property name="HUDSON_URL" value="http://localhost:8080/"/>
    <property name="JENKINS_SERVER_COOKIE" value="9aaec1f88d579a19"/>
    <property name="EXECUTOR_NUMBER" value="1"/>
    <property name="Path" value="C:\Program Files\Java\jdk1.8.0_281/bin;C:\Users\sudarshan.naidu\AppData\Local\Programs\Python\Python39\;C:\Users\sudarshan.naidu\AppData\Local\Programs\Python\Python39\Scripts;C:\Program Files\Python310\;C:\Program Files (x86)\Common Files\Oracle\Java\javapath;C:\Program Files (x86)\Intel\iCLS Client\;C:\Program Files\Intel\iCLS Client\;C:\WINDOWS\system32;C:\WINDOWS;C:\WINDOWS\System32\Wbem;C:\WINDOWS\System32\WindowsPowerShell\v1.0\;C:\WINDOWS\System32\OpenSSH\;C:\Program Files (x86)\Intel\Intel(R) Management Engine Components\DAL;C:\Program Files\Intel\Intel(R) Management Engine Components\DAL;C:\Program Files (x86)\Intel\Intel(R) Management Engine Components\IPT;C:\Program Files\Intel\Intel(R) Management Engine Components\IPT;C:\Program Files\Git\cmd;D:\apache-maven-3.6.3\bin;C:\ProgramData\chocolatey\bin;C:\Program Files\TortoiseGit\bin;C:\Program Files\Microsoft SQL Server\130\Tools\Binn\;C:\Program Files\dotnet\;C:\Users\sudarshan.naidu\AppData\Local\Android\Sdk\tools platform-tools;C:\Users\sudarshan.naidu\AppData\Local\Android\Sdk\platform-tools;C:\Users\sudarshan.naidu\AppData\Local\Android\Sdk\tools\bin;C:\Program Files\Java\jdk-15.0.2\bin;C:\Program Files\Java\jdk1.8.0_281;C:\Users\sudarshan.naidu\AppData\Local\Programs\Python\Python39\Scripts\;C:\Users\sudarshan.naidu\AppData\Local\Programs\Python\Python39\Scripts\;C:\Users\sudarshan.naidu\AppData\Local\Android\Sdk;C:\Users\sudarshan.naidu\AppData\Local\Android\Sdk\tools\bin;C:\Users\sudarshan.naidu\AppData\Local\Android\Sdk\tools;C:\Users\sudarshan.naidu\AppData\Local\Android\Sdk\platform-tools;C:\Users\sudarshan.naidu\AppData\Local\Android\Sdk\tools\lib\x86_64\swt.jar;C:\Program Files\Docker\Docker\resources\bin;C:\ProgramData\DockerDesktop\version-bin;&quot;C:\Users\sudarshan.naidu\AppData\Local\Programs\Python\Python39;C:\Users\sudarshan.naidu\AppData\Local\Programs\Python\Python39\Lib;C:\Users\sudarshan.naidu\AppData\Local\Programs\Python\Python39\DLLs;C:\Users\sudarshan.naidu\AppData\Local\Programs\Python\Python39\Lib\lib-tk&quot;;C:\Program Files\nodejs\;C:\Program Files\Amazon\AWSCLIV2\;C:\Ruby25-x64\bin;C:\Users\sudarshan.naidu\AppData\Local\Microsoft\WindowsApps;C:\Program Files\JetBrains\RubyMine 2019.3.5\bin;C:\Users\sudarshan.naidu\.dotnet\tools;C:\Program Files\JetBrains\IntelliJ IDEA 2021.1\bin;;C:\Program Files\JetBrains\IntelliJ IDEA Community Edition 2021.1\bin;;C:\Program Files (x86)\Sophos\Sophos SSL VPN Client\bin;C:\Program Files\JetBrains\RubyMine 2019.3.5\bin;;C:\Users\sudarshan.naidu\AppData\Local\Programs\Microsoft VS Code\bin;C:\Program Files\heroku\bin;C:\Users\sudarshan.naidu\AppData\Roaming\npm"/>
    <property name="GIT_COMMIT" value="db74372968eaf73358e11072e67fb302f68fb550"/>
    <property name="java.io.tmpdir" value="C:\Users\SUDARS~1.NAI\AppData\Local\Temp\"/>
    <property name="APPDATA" value="C:\Users\sudarshan.naidu\AppData\Roaming"/>
    <property name="user.language" value="en"/>
    <property name="line.separator" value="
"/>
    <property name="BUILD_URL" value="http://localhost:8080/job/E2EPageObjectModelAutomation%20Test/6/"/>
    <property name="M2_HOME" value="D:\apache-maven-3.6.3"/>
    <property name="java.vm.info" value="mixed mode"/>
    <property name="DriverData" value="C:\Windows\System32\Drivers\DriverData"/>
    <property name="sun.desktop" value="windows"/>
    <property name="java.vm.specification.name" value="Java Virtual Machine Specification"/>
    <property name="CI" value="true"/>
    <property name="BUILD_DISPLAY_NAME" value="#6"/>
    <property name="OS" value="Windows_NT"/>
    <property name="guice.disable.misplaced.annotation.check" value="true"/>
    <property name="HUDSON_SERVER_COOKIE" value="9aaec1f88d579a19"/>
    <property name="WORKSPACE_TMP" value="C:\Users\sudarshan.naidu\.jenkins\workspace\E2EPageObjectModelAutomation Test@tmp"/>
    <property name="MAVEN_HOME" value="D:\apache-maven-3.6.3"/>
    <property name="SESSIONNAME" value="Console"/>
    <property name="PATHEXT" value=".COM;.EXE;.BAT;.CMD;.VBS;.VBE;.JS;.JSE;.WSF;.WSH;.MSC;.PY;.PYW"/>
    <property name="java.awt.printerjob" value="sun.awt.windows.WPrinterJob"/>
    <property name="maven3.interceptor.common" value="C:\Users\sudarshan.naidu\.jenkins\plugins\maven-plugin\WEB-INF\lib\maven3-interceptor-commons-1.13.jar"/>
    <property name="CLASSPATH" value=""/>
    <property name="HOMEPATH" value="\"/>
    <property name="os.name" value="Windows 10"/>
    <property name="ANDROID_SWT" value="C:\Users\sudarshan.naidu\AppData\Local\Android\Sdk\tools\lib\x86_64"/>
    <property name="java.specification.vendor" value="Oracle Corporation"/>
    <property name="java.vm.name" value="Java HotSpot(TM) 64-Bit Server VM"/>
    <property name="BUILD_NUMBER" value="6"/>
    <property name="maven3.interceptor" value="C:\Users\sudarshan.naidu\.jenkins\plugins\maven-plugin\WEB-INF\lib\maven35-interceptor-1.13.jar"/>
    <property name="java.library.path" value="C:\Program Files\Java\jdk1.8.0_281\bin;C:\WINDOWS\Sun\Java\bin;C:\WINDOWS\system32;C:\WINDOWS;D:\apache-maven-3.6.3/bin;C:\Program Files\Java\jdk1.8.0_281/bin;C:\Program Files\Java\jdk1.8.0_281/bin;C:\Users\sudarshan.naidu\AppData\Local\Programs\Python\Python39\;C:\Users\sudarshan.naidu\AppData\Local\Programs\Python\Python39\Scripts;C:\Program Files\Python310\;C:\Program Files (x86)\Common Files\Oracle\Java\javapath;C:\Program Files (x86)\Intel\iCLS Client\;C:\Program Files\Intel\iCLS Client\;C:\WINDOWS\system32;C:\WINDOWS;C:\WINDOWS\System32\Wbem;C:\WINDOWS\System32\WindowsPowerShell\v1.0\;C:\WINDOWS\System32\OpenSSH\;C:\Program Files (x86)\Intel\Intel(R) Management Engine Components\DAL;C:\Program Files\Intel\Intel(R) Management Engine Components\DAL;C:\Program Files (x86)\Intel\Intel(R) Management Engine Components\IPT;C:\Program Files\Intel\Intel(R) Management Engine Components\IPT;C:\Program Files\Git\cmd;D:\apache-maven-3.6.3\bin;C:\ProgramData\chocolatey\bin;C:\Program Files\TortoiseGit\bin;C:\Program Files\Microsoft SQL Server\130\Tools\Binn\;C:\Program Files\dotnet\;C:\Users\sudarshan.naidu\AppData\Local\Android\Sdk\tools platform-tools;C:\Users\sudarshan.naidu\AppData\Local\Android\Sdk\platform-tools;C:\Users\sudarshan.naidu\AppData\Local\Android\Sdk\tools\bin;C:\Program Files\Java\jdk-15.0.2\bin;C:\Program Files\Java\jdk1.8.0_281;C:\Users\sudarshan.naidu\AppData\Local\Programs\Python\Python39\Scripts\;C:\Users\sudarshan.naidu\AppData\Local\Programs\Python\Python39\Scripts\;C:\Users\sudarshan.naidu\AppData\Local\Android\Sdk;C:\Users\sudarshan.naidu\AppData\Local\Android\Sdk\tools\bin;C:\Users\sudarshan.naidu\AppData\Local\Android\Sdk\tools;C:\Users\sudarshan.naidu\AppData\Local\Android\Sdk\platform-tools;C:\Users\sudarshan.naidu\AppData\Local\Android\Sdk\tools\lib\x86_64\swt.jar;C:\Program Files\Docker\Docker\resources\bin;C:\ProgramData\DockerDesktop\version-bin;&quot;C:\Users\sudarshan.naidu\AppData\Local\Programs\Python\Python39;C:\Users\sudarshan.naidu\AppData\Local\Programs\Python\Python39\Lib;C:\Users\sudarshan.naidu\AppData\Local\Programs\Python\Python39\DLLs;C:\Users\sudarshan.naidu\AppData\Local\Programs\Python\Python39\Lib\lib-tk&quot;;C:\Program Files\nodejs\;C:\Program Files\Amazon\AWSCLIV2\;C:\Ruby25-x64\bin;C:\Users\sudarshan.naidu\AppData\Local\Microsoft\WindowsApps;C:\Program Files\JetBrains\RubyMine 2019.3.5\bin;C:\Users\sudarshan.naidu\.dotnet\tools;C:\Program Files\JetBrains\IntelliJ IDEA 2021.1\bin;;C:\Program Files\JetBrains\IntelliJ IDEA Community Edition 2021.1\bin;;C:\Program Files (x86)\Sophos\Sophos SSL VPN Client\bin;C:\Program Files\JetBrains\RubyMine 2019.3.5\bin;;C:\Users\sudarshan.naidu\AppData\Local\Programs\Microsoft VS Code\bin;C:\Program Files\heroku\bin;C:\Users\sudarshan.naidu\AppData\Roaming\npm;."/>
    <property name="HOMEDRIVE" value="I:"/>
    <property name="HOMESHARE" value="\\uranus\data1\sudarshan.naidu"/>
    <property name="POM_GROUPID" value="com.qa"/>
    <property name="POM_ARTIFACTID" value="E2EPageObjectModelAutomation"/>
    <property name="java.class.version" value="52.0"/>
    <property name="JOB_URL" value="http://localhost:8080/job/E2EPageObjectModelAutomation%20Test/"/>
    <property name="SynaProgDir" value="Synaptics\SynTP"/>
    <property name="OneDrive" value="C:\Users\sudarshan.naidu\OneDrive"/>
    <property name="GIT_BRANCH" value="origin/main"/>
    <property name="RUN_DISPLAY_URL" value="http://localhost:8080/job/E2EPageObjectModelAutomation%20Test/6/display/redirect"/>
    <property name="NODE_HOME" value="C:\Program Files\nodejs"/>
    <property name="JENKINS_HOME" value="C:\Users\sudarshan.naidu\.jenkins"/>
    <property name="BUILD_ID" value="6"/>
    <property name="TEMP" value="C:\Users\SUDARS~1.NAI\AppData\Local\Temp"/>
    <property name="sun.boot.library.path" value="C:\Program Files\Java\jdk1.8.0_281\jre\bin"/>
    <property name="sun.management.compiler" value="HotSpot 64-Bit Tiered Compilers"/>
    <property name="java.awt.graphicsenv" value="sun.awt.Win32GraphicsEnvironment"/>
    <property name="user.variant" value=""/>
    <property name="PROCESSOR_REVISION" value="4501"/>
    <property name="POM_VERSION" value="0.0.1-SNAPSHOT"/>
    <property name="HUDSON_HOME" value="C:\Users\sudarshan.naidu\.jenkins"/>
    <property name="ProgramFiles(x86)" value="C:\Program Files (x86)"/>
    <property name="PATH+MAVEN" value="D:\apache-maven-3.6.3/bin"/>
    <property name="IntelliJ IDEA" value="C:\Program Files\JetBrains\IntelliJ IDEA 2021.1\bin;"/>
    <property name="USERDOMAIN_ROAMINGPROFILE" value="STS"/>
    <property name="RUN_ARTIFACTS_DISPLAY_URL" value="http://localhost:8080/job/E2EPageObjectModelAutomation%20Test/6/display/redirect?page=artifacts"/>
    <property name="PROMPT" value="$P$G"/>
    <property name="java.vm.specification.version" value="1.8"/>
    <property name="JAVA_HOME" value="C:\Program Files\Java\jdk1.8.0_281"/>
    <property name="awt.toolkit" value="sun.awt.windows.WToolkit"/>
    <property name="NODE_LABELS" value="built-in"/>
    <property name="sun.cpu.isalist" value="amd64"/>
    <property name="USERPROFILE" value="C:\Users\sudarshan.naidu"/>
    <property name="__PSLockDownPolicy" value="0"/>
    <property name="JOB_DISPLAY_URL" value="http://localhost:8080/job/E2EPageObjectModelAutomation%20Test/display/redirect"/>
    <property name="java.ext.dirs" value="C:\Program Files\Java\jdk1.8.0_281\jre\lib\ext;C:\WINDOWS\Sun\Java\lib\ext"/>
    <property name="os.version" value="10.0"/>
    <property name="user.home" value="C:\Users\sudarshan.naidu"/>
    <property name="USERNAME" value="sudarshan.naidu"/>
    <property name="java.vm.vendor" value="Oracle Corporation"/>
    <property name="PROCESSOR_LEVEL" value="6"/>
    <property name="USERDNSDOMAIN" value="STS.LOCAL"/>
    <property name="CommonProgramW6432" value="C:\Program Files\Common Files"/>
    <property name="user.dir" value="C:\Users\sudarshan.naidu\workspace\E2EPageObjectModelAutomation"/>
    <property name="maven.conf" value="D:\apache-maven-3.6.3\conf"/>
    <property name="ProgramW6432" value="C:\Program Files"/>
    <property name="TMP" value="C:\Users\SUDARS~1.NAI\AppData\Local\Temp"/>
    <property name="sun.cpu.endian" value="little"/>
    <property name="SystemDrive" value="C:"/>
    <property name="java.vm.version" value="25.281-b09"/>
    <property name="java.class.path" value="C:\Users\sudarshan.naidu\.jenkins\plugins\maven-plugin\WEB-INF\lib\maven35-agent-1.13.jar;D:\apache-maven-3.6.3\boot\plexus-classworlds-2.6.0.jar;D:\apache-maven-3.6.3/conf/logging"/>
    <property name="org.slf4j.simpleLogger.defaultLogLevel" value="info"/>
    <property name="os.arch" value="amd64"/>
    <property name="WORKSPACE" value="C:\Users\sudarshan.naidu\.jenkins\workspace\E2EPageObjectModelAutomation Test"/>
    <property name="ComSpec" value="C:\WINDOWS\system32\cmd.exe"/>
    <property name="RUN_TESTS_DISPLAY_URL" value="http://localhost:8080/job/E2EPageObjectModelAutomation%20Test/6/display/redirect?page=tests"/>
    <property name="sun.java.launcher" value="SUN_STANDARD"/>
    <property name="FPS_BROWSER_APP_PROFILE_STRING" value="Internet Explorer"/>
    <property name="SystemRoot" value="C:\WINDOWS"/>
    <property name="CommonProgramFiles" value="C:\Program Files\Common Files"/>
    <property name="java.vm.specification.vendor" value="Oracle Corporation"/>
    <property name="FPS_BROWSER_USER_PROFILE_STRING" value="Default"/>
    <property name="file.separator" value="\"/>
    <property name="java.runtime.version" value="1.8.0_281-b09"/>
    <property name="sun.boot.class.path" value="C:\Program Files\Java\jdk1.8.0_281\jre\lib\resources.jar;C:\Program Files\Java\jdk1.8.0_281\jre\lib\rt.jar;C:\Program Files\Java\jdk1.8.0_281\jre\lib\sunrsasign.jar;C:\Program Files\Java\jdk1.8.0_281\jre\lib\jsse.jar;C:\Program Files\Java\jdk1.8.0_281\jre\lib\jce.jar;C:\Program Files\Java\jdk1.8.0_281\jre\lib\charsets.jar;C:\Program Files\Java\jdk1.8.0_281\jre\lib\jfr.jar;C:\Program Files\Java\jdk1.8.0_281\jre\classes"/>
    <property name="ProgramFiles" value="C:\Program Files"/>
    <property name="PATH+JDK" value="C:\Program Files\Java\jdk1.8.0_281/bin"/>
    <property name="user.country" value="IN"/>
    <property name="POM_PACKAGING" value="jar"/>
    <property name="maven.home" value="D:\apache-maven-3.6.3"/>
    <property name="JOB_BASE_NAME" value="E2EPageObjectModelAutomation Test"/>
    <property name="java.vendor" value="Oracle Corporation"/>
    <property name="POM_DISPLAYNAME" value="E2EPageObjectModelAutomation"/>
    <property name="java.specification.version" value="1.8"/>
    <property name="sun.arch.data.model" value="64"/>
    <property name="GIT_URL" value="https://github.com/s-naidu/E2EPageObjectModelAutomation.git"/>
  </properties>
  <testcase classname="com.qa.testcases.HomePageTest" name="verifyContactsLinkTest" time="1.522"/>
  <testcase classname="com.qa.testcases.HomePageTest" name="verifyHomePageTitleTest" time="0.012"/>
  <testcase classname="com.qa.testcases.HomePageTest" name="verifyUserNameTest" time="0.119"/>
  <testcase classname="com.qa.testcases.LoginPageTest" name="crmLogoImageTest" time="0.077"/>
  <testcase classname="com.qa.testcases.LoginPageTest" name="lgoinPageTitleTest" time="0.01"/>
  <testcase classname="com.qa.testcases.LoginPageTest" name="loginTest" time="6.25"/>
  <testcase classname="com.qa.testcases.ContactsPageTest" name="verifyContactsLabel" time="2.516"/>
  <testcase classname="com.qa.testcases.ContactsPageTest" name="selectsingleContactsTest" time="2.665"/>
  <testcase classname="com.qa.testcases.ContactsPageTest" name="validateCreateNewContact" time="6.198"/>
  <testcase classname="com.qa.testcases.ContactsPageTest" name="validateCreateNewContact" time="5.473"/>
  <testcase classname="com.qa.testcases.ContactsPageTest" name="validateCreateNewContact" time="5.498"/>
</testsuite>