<?xml version="1.0" encoding="UTF-8"?>
<!-- Generated by org.testng.reporters.JUnitReportReporter -->
<testsuite hostname="STSLP95" name="com.qa.testcases.LoginPageTest" tests="3" failures="0" timestamp="9 Oct 2021 03:55:08 GMT" time="35.553" errors="0">
  <testcase name="crmLogoImageTest" time="9.965" classname="com.qa.testcases.LoginPageTest"/>
  <testcase name="loginTest" time="16.907" classname="com.qa.testcases.LoginPageTest"/>
  <testcase name="lgoinPageTitleTest" time="8.681" classname="com.qa.testcases.LoginPageTest"/>
</testsuite> <!-- com.qa.testcases.LoginPageTest -->
