<?xml version="1.0" encoding="UTF-8"?>
<!-- Generated by org.testng.reporters.JUnitReportReporter -->
<testsuite hostname="STSLP95" name="com.qa.testcases.HomePageTest" tests="3" failures="0" timestamp="9 Oct 2021 03:55:08 GMT" time="68.185" errors="0">
  <testcase name="verifyUserNameTest" time="32.771" classname="com.qa.testcases.HomePageTest"/>
  <testcase name="verifyContactsLinkTest" time="18.847" classname="com.qa.testcases.HomePageTest"/>
  <testcase name="verifyHomePageTitleTest" time="16.567" classname="com.qa.testcases.HomePageTest"/>
</testsuite> <!-- com.qa.testcases.HomePageTest -->
