<?xml version="1.0" encoding="UTF-8"?>
<!-- Generated by org.testng.reporters.JUnitReportReporter -->
<testsuite hostname="STSLP95" name="com.qa.testcases.ContactsPageTest" tests="5" failures="0" timestamp="9 Oct 2021 03:55:08 GMT" time="179.785" errors="0">
  <testcase name="validateCreateNewContact" time="35.726" classname="com.qa.testcases.ContactsPageTest"/>
  <testcase name="selectsingleContactsTest" time="33.277" classname="com.qa.testcases.ContactsPageTest"/>
  <testcase name="validateCreateNewContact" time="36.688" classname="com.qa.testcases.ContactsPageTest"/>
  <testcase name="validateCreateNewContact" time="35.125" classname="com.qa.testcases.ContactsPageTest"/>
  <testcase name="verifyContactsLabel" time="38.969" classname="com.qa.testcases.ContactsPageTest"/>
</testsuite> <!-- com.qa.testcases.ContactsPageTest -->
