<?xml version="1.0" encoding="UTF-8"?>
<!-- Generated by org.testng.reporters.JUnitReportReporter -->
<testsuite hostname="STSLP95" name="com.qa.testcases.LoginPageTest" tests="3" failures="0" timestamp="9 Oct 2021 10:59:20 GMT" time="55.768" errors="0">
  <testcase name="crmLogoImageTest" time="12.081" classname="com.qa.testcases.LoginPageTest"/>
  <testcase name="loginTest" time="20.091" classname="com.qa.testcases.LoginPageTest"/>
  <testcase name="lgoinPageTitleTest" time="23.596" classname="com.qa.testcases.LoginPageTest"/>
</testsuite> <!-- com.qa.testcases.LoginPageTest -->
