<?xml version="1.0" encoding="UTF-8"?>
<!-- Generated by org.testng.reporters.JUnitReportReporter -->
<testsuite hostname="STSLP95" name="com.qa.testcases.ContactsPageTest" tests="5" failures="0" timestamp="9 Oct 2021 10:59:20 GMT" time="170.341" errors="0">
  <testcase name="selectsingleContactsTest" time="32.957" classname="com.qa.testcases.ContactsPageTest"/>
  <testcase name="validateCreateNewContact" time="35.057" classname="com.qa.testcases.ContactsPageTest"/>
  <testcase name="validateCreateNewContact" time="34.349" classname="com.qa.testcases.ContactsPageTest"/>
  <testcase name="validateCreateNewContact" time="35.919" classname="com.qa.testcases.ContactsPageTest"/>
  <testcase name="verifyContactsLabel" time="32.059" classname="com.qa.testcases.ContactsPageTest"/>
</testsuite> <!-- com.qa.testcases.ContactsPageTest -->
