<?xml version="1.0" encoding="UTF-8"?>
<!-- Generated by org.testng.reporters.JUnitReportReporter -->
<testsuite hostname="STSLP95" name="com.qa.testcases.HomePageTest" tests="3" failures="0" timestamp="9 Oct 2021 10:59:20 GMT" time="45.268" errors="0">
  <testcase name="verifyContactsLinkTest" time="16.115" classname="com.qa.testcases.HomePageTest"/>
  <testcase name="verifyHomePageTitleTest" time="14.631" classname="com.qa.testcases.HomePageTest"/>
  <testcase name="verifyUserNameTest" time="14.522" classname="com.qa.testcases.HomePageTest"/>
</testsuite> <!-- com.qa.testcases.HomePageTest -->
